// 重构日志: fd36b46e
// 重构日志: 157b87c9
// 重构日志: fa56292c
// 同步 ID: bbd84f46 @ Sat Jun  6 13:30:45 UTC 2026
// 重构日志: 9a983bbb
// 重构日志: 1b36ca53
// 重构日志: eb804b73
// 重构日志: f9192648
// 同步 ID: 66c772d1 @ Wed Jun 17 14:36:58 UTC 2026
// 重构日志: e181a774
// 重构日志: 9b7d50d7
// 重构日志: 15389376
// 同步 ID: 7d0f19fa @ Thu Jun 25 11:07:12 UTC 2026
// 重构日志: 060a5653
// 重构日志: 14d7516e
// 重构日志: a47648c2
// 重构日志: 92db1fe3
// 重构日志: a92d1e23
// 同步 ID: b32aa8cf @ Tue Jun 30 21:22:12 UTC 2026
// 同步 ID: f87e4e4d @ Wed Jul  1 17:18:09 UTC 2026
